[
  {
    "level": "INFO",
    "message": "android.ndkVersion from module build.gradle is not set"
  },
  {
    "level": "INFO",
    "message": "ndk.dir in local.properties is /home/ouhuafu/tools/android-ndk-r14b"
  },
  {
    "level": "INFO",
    "message": "ANDROID_NDK_HOME environment variable is not set"
  },
  {
    "level": "INFO",
    "message": "sdkFolder is /home/mashuai/Android/Sdk"
  },
  {
    "level": "INFO",
    "message": "Considering /home/ouhuafu/tools/android-ndk-r14b by ndk.dir"
  },
  {
    "level": "INFO",
    "message": "Considering /home/mashuai/Android/Sdk/ndk-bundle in SDK ndk-bundle folder"
  },
  {
    "level": "INFO",
    "message": "Considering /home/mashuai/Android/Sdk/ndk/22.1.7171670 in SDK ndk folder"
  },
  {
    "level": "INFO",
    "message": "Rejected /home/ouhuafu/tools/android-ndk-r14b by ndk.dir because that location has no source.properties"
  },
  {
    "level": "ERROR",
    "message": "Location specified by ndk.dir (/home/ouhuafu/tools/android-ndk-r14b) did not contain a valid NDK and and couldn\u0027t be used"
  },
  {
    "level": "INFO",
    "message": "Using /home/mashuai/Android/Sdk/ndk/22.1.7171670 which is version 22.1.7171670 as fallback but build will fail"
  }
]