[
  {
    "level": "INFO",
    "message": "android.ndkVersion from module build.gradle is not set"
  },
  {
    "level": "INFO",
    "message": "ndk.dir in local.properties is /home/mashuai/Downloads/soft/android-ndk-r14b"
  },
  {
    "level": "INFO",
    "message": "ANDROID_NDK_HOME environment variable is not set"
  },
  {
    "level": "INFO",
    "message": "sdkFolder is /home/mashuai/Android/Sdk"
  },
  {
    "level": "INFO",
    "message": "Considering /home/mashuai/Downloads/soft/android-ndk-r14b by ndk.dir"
  },
  {
    "level": "INFO",
    "message": "Considering /home/mashuai/Android/Sdk/ndk-bundle in SDK ndk-bundle folder"
  },
  {
    "level": "INFO",
    "message": "Considering /home/mashuai/Android/Sdk/ndk/22.1.7171670 in SDK ndk folder"
  },
  {
    "level": "INFO",
    "message": "Found requested ndk.dir (/home/mashuai/Downloads/soft/android-ndk-r14b) which has version 14.1.3816874"
  }
]