[
  {
    "level": "INFO",
    "message": "android.ndkVersion from module build.gradle is not set"
  },
  {
    "level": "INFO",
    "message": "ndk.dir in local.properties is /home/ouhuafu/tools/android-ndk-r14b"
  },
  {
    "level": "INFO",
    "message": "ANDROID_NDK_HOME environment variable is not set"
  },
  {
    "level": "INFO",
    "message": "sdkFolder is /home/ouhuafu/tools/android-sdk"
  },
  {
    "level": "INFO",
    "message": "NDK side-by-side folder from sdkFolder /home/ouhuafu/tools/android-sdk/ndk does not exist"
  },
  {
    "level": "INFO",
    "message": "Considering /home/ouhuafu/tools/android-ndk-r14b by ndk.dir"
  },
  {
    "level": "INFO",
    "message": "Considering /home/ouhuafu/tools/android-sdk/ndk-bundle in SDK ndk-bundle folder"
  },
  {
    "level": "INFO",
    "message": "Rejected /home/ouhuafu/tools/android-sdk/ndk-bundle in SDK ndk-bundle folder because that location has no source.properties"
  },
  {
    "level": "INFO",
    "message": "Found requested ndk.dir (/home/ouhuafu/tools/android-ndk-r14b) which has version 14.1.3816874"
  }
]